\BOOKMARK [1][-]{section.1}{Introduction}{}% 1
\BOOKMARK [2][-]{subsection.1.1}{XXXXXXXXXXXXXXXXXXXXXXX}{section.1}% 2
\BOOKMARK [1][-]{section.2}{related\040works}{}% 3
\BOOKMARK [1][-]{section.3}{proposed\040method}{}% 4
\BOOKMARK [2][-]{subsection.3.1}{Convolution}{section.3}% 5
\BOOKMARK [2][-]{subsection.3.2}{Trainable\040LBP}{section.3}% 6
\BOOKMARK [2][-]{subsection.3.3}{Network\040structure\040}{section.3}% 7
\BOOKMARK [2][-]{subsection.3.4}{ARCB\040loss}{section.3}% 8
\BOOKMARK [2][-]{subsection.3.5}{PID\040loss}{section.3}% 9
\BOOKMARK [1][-]{section.4}{implementation\040details}{}% 10
\BOOKMARK [1][-]{section.5}{experimental\040results\040}{}% 11
\BOOKMARK [2][-]{subsection.5.1}{corss\040dataset\040test}{section.5}% 12
\BOOKMARK [2][-]{subsection.5.2}{computational\040cost\040}{section.5}% 13
\BOOKMARK [1][-]{section.6}{Conclusion}{}% 14
\BOOKMARK [1][-]{section*.17}{Appendix\040A:\040Proof\040of\040the\040First\040Zonklar\040Equation}{}% 15
\BOOKMARK [1][-]{section*.18}{Appendix\040B}{}% 16
\BOOKMARK [1][-]{section*.20}{References}{}% 17
\BOOKMARK [1][-]{IEEEbiography.0}{Biographies}{}% 18
\BOOKMARK [2][-]{IEEEbiography.1}{Michael\040Shell}{IEEEbiography.0}% 19
\BOOKMARK [2][-]{IEEEbiography.2}{John\040Doe}{IEEEbiography.0}% 20
\BOOKMARK [2][-]{IEEEbiography.3}{Jane\040Doe}{IEEEbiography.0}% 21
